2017/04/12 06:20:02 INFO  - jmeter.util.JMeterUtils: Setting Locale to pl_PL 
2017/04/12 06:20:02 INFO  - jmeter.util.JMeterUtils: Could not find resources for 'pl_PL', using 'pl' 
2017/04/12 06:20:02 INFO  - jmeter.JMeter: Loading user properties from: /Users/br0x/Dysk/Temp/apache-jmeter-3.0/bin/user.properties 
2017/04/12 06:20:02 INFO  - jmeter.JMeter: Loading system properties from: /Users/br0x/Dysk/Temp/apache-jmeter-3.0/bin/system.properties 
2017/04/12 06:20:02 INFO  - jmeter.JMeter: Setting JMeter property: debug=true 
2017/04/12 06:20:02 INFO  - jmeter.JMeter: Copyright (c) 1998-2016 The Apache Software Foundation 
2017/04/12 06:20:02 INFO  - jmeter.JMeter: Version 3.0 r1743807 
2017/04/12 06:20:02 INFO  - jmeter.JMeter: java.version=1.8.0_66 
2017/04/12 06:20:02 INFO  - jmeter.JMeter: java.vm.name=Java HotSpot(TM) 64-Bit Server VM 
2017/04/12 06:20:02 INFO  - jmeter.JMeter: os.name=Mac OS X 
2017/04/12 06:20:02 INFO  - jmeter.JMeter: os.arch=x86_64 
2017/04/12 06:20:02 INFO  - jmeter.JMeter: os.version=10.11.6 
2017/04/12 06:20:02 INFO  - jmeter.JMeter: file.encoding=UTF-8 
2017/04/12 06:20:02 INFO  - jmeter.JMeter: Max memory     =514850816 
2017/04/12 06:20:02 INFO  - jmeter.JMeter: Available Processors =8 
2017/04/12 06:20:02 INFO  - jmeter.JMeter: Default Locale=polski (Polska) 
2017/04/12 06:20:02 INFO  - jmeter.JMeter: JMeter  Locale=polski (Polska) 
2017/04/12 06:20:02 INFO  - jmeter.JMeter: JMeterHome=/Users/br0x/Dysk/Temp/apache-jmeter-3.0 
2017/04/12 06:20:02 INFO  - jmeter.JMeter: user.dir  =/Users/br0x/Dysk/sansec/sts/ec2 
2017/04/12 06:20:02 INFO  - jmeter.JMeter: PWD       =/Users/br0x/Dysk/sansec/sts/ec2 
2017/04/12 06:20:02 INFO  - jmeter.JMeter: IP: 192.168.119.1 Name: br0x.local FullName: 192.168.119.1 
2017/04/12 06:20:03 INFO  - jmeter.gui.action.LookAndFeelCommand: Using look and feel: com.apple.laf.AquaLookAndFeel [Mac OS X, System] 
2017/04/12 06:20:03 INFO  - jmeter.JMeter: Loaded icon properties from org/apache/jmeter/images/icon.properties 
2017/04/12 06:20:05 INFO  - jmeter.engine.util.CompoundVariable: Note: Function class names must contain the string: '.functions.' 
2017/04/12 06:20:05 INFO  - jmeter.engine.util.CompoundVariable: Note: Function class names must not contain the string: '.gui.' 
2017/04/12 06:20:06 WARN  - org.jmeterplugins.repository.PluginManagerMenuItem: Failed to load plugin updates info java.net.UnknownHostException: jmeter-plugins.org: unknown error
	at java.net.Inet6AddressImpl.lookupAllHostAddr(Native Method)
	at java.net.InetAddress$2.lookupAllHostAddr(InetAddress.java:928)
	at java.net.InetAddress.getAddressesFromNameService(InetAddress.java:1323)
	at java.net.InetAddress.getAllByName0(InetAddress.java:1276)
	at java.net.InetAddress.getAllByName(InetAddress.java:1192)
	at java.net.InetAddress.getAllByName(InetAddress.java:1126)
	at org.apache.http.impl.conn.SystemDefaultDnsResolver.resolve(SystemDefaultDnsResolver.java:45)
	at org.apache.http.impl.conn.DefaultClientConnectionOperator.resolveHostname(DefaultClientConnectionOperator.java:262)
	at org.apache.http.impl.conn.DefaultClientConnectionOperator.openConnection(DefaultClientConnectionOperator.java:161)
	at org.apache.http.impl.conn.ManagedClientConnectionImpl.open(ManagedClientConnectionImpl.java:328)
	at org.apache.http.impl.client.DefaultRequestDirector.tryConnect(DefaultRequestDirector.java:612)
	at org.apache.http.impl.client.DefaultRequestDirector.execute(DefaultRequestDirector.java:447)
	at org.apache.http.impl.client.AbstractHttpClient.doExecute(AbstractHttpClient.java:884)
	at org.apache.http.impl.client.CloseableHttpClient.execute(CloseableHttpClient.java:82)
	at org.apache.http.impl.client.CloseableHttpClient.execute(CloseableHttpClient.java:107)
	at org.apache.http.impl.client.CloseableHttpClient.execute(CloseableHttpClient.java:55)
	at org.jmeterplugins.repository.PluginManager.getJSON(PluginManager.java:149)
	at org.jmeterplugins.repository.PluginManager.load(PluginManager.java:78)
	at org.jmeterplugins.repository.PluginManagerMenuItem.<init>(PluginManagerMenuItem.java:22)
	at org.jmeterplugins.repository.PluginManagerMenuCreator.getMenuItemsAtLocation(PluginManagerMenuCreator.java:22)
	at org.apache.jmeter.gui.util.JMeterMenuBar.addPluginsMenuItems(JMeterMenuBar.java:572)
	at org.apache.jmeter.gui.util.JMeterMenuBar.makeOptionsMenu(JMeterMenuBar.java:349)
	at org.apache.jmeter.gui.util.JMeterMenuBar.createMenuBar(JMeterMenuBar.java:268)
	at org.apache.jmeter.gui.util.JMeterMenuBar.<init>(JMeterMenuBar.java:161)
	at org.apache.jmeter.gui.MainFrame.init(MainFrame.java:493)
	at org.apache.jmeter.gui.MainFrame.<init>(MainFrame.java:241)
	at org.apache.jmeter.JMeter.startGui(JMeter.java:327)
	at org.apache.jmeter.JMeter.start(JMeter.java:480)
	at sun.reflect.NativeMethodAccessorImpl.invoke0(Native Method)
	at sun.reflect.NativeMethodAccessorImpl.invoke(NativeMethodAccessorImpl.java:62)
	at sun.reflect.DelegatingMethodAccessorImpl.invoke(DelegatingMethodAccessorImpl.java:43)
	at java.lang.reflect.Method.invoke(Method.java:497)
	at org.apache.jmeter.NewDriver.main(NewDriver.java:259)

2017/04/12 06:20:06 INFO  - jmeter.JMeter: Loading file: STS.jmx 
2017/04/12 06:20:06 INFO  - jmeter.services.FileServer: Default base='/Users/br0x/Dysk/sansec/sts/ec2' 
2017/04/12 06:20:06 INFO  - jmeter.services.FileServer: Set new base='/Users/br0x/Dysk/sansec/sts/ec2' 
2017/04/12 06:20:06 INFO  - jmeter.save.SaveService: Testplan (JMX) version: 2.2. Testlog (JTL) version: 2.2 
2017/04/12 06:20:06 INFO  - jmeter.save.SaveService: Using SaveService properties file encoding UTF-8 
2017/04/12 06:20:06 INFO  - jmeter.save.SaveService: Using SaveService properties version 2.9 
2017/04/12 06:20:06 INFO  - jmeter.save.SaveService: All converter versions present and correct 
2017/04/12 06:20:06 INFO  - jmeter.save.SaveService: Loading file: STS.jmx 
2017/04/12 06:20:06 INFO  - jmeter.protocol.http.control.CookieManager: Settings: Delete null: true Check: true Allow variable: true Save: false Prefix: COOKIE_ 
2017/04/12 06:20:06 INFO  - jmeter.protocol.http.sampler.HTTPSamplerBase: Parser for text/html is org.apache.jmeter.protocol.http.parser.LagartoBasedHtmlParser 
2017/04/12 06:20:06 INFO  - jmeter.protocol.http.sampler.HTTPSamplerBase: Parser for application/xhtml+xml is org.apache.jmeter.protocol.http.parser.LagartoBasedHtmlParser 
2017/04/12 06:20:06 INFO  - jmeter.protocol.http.sampler.HTTPSamplerBase: Parser for application/xml is org.apache.jmeter.protocol.http.parser.LagartoBasedHtmlParser 
2017/04/12 06:20:06 INFO  - jmeter.protocol.http.sampler.HTTPSamplerBase: Parser for text/xml is org.apache.jmeter.protocol.http.parser.LagartoBasedHtmlParser 
2017/04/12 06:20:06 INFO  - jmeter.protocol.http.sampler.HTTPSamplerBase: Parser for text/vnd.wap.wml is org.apache.jmeter.protocol.http.parser.RegexpHTMLParser 
2017/04/12 06:20:06 INFO  - jmeter.protocol.http.sampler.HTTPSamplerBase: Parser for text/css is org.apache.jmeter.protocol.http.parser.CssParser 
2017/04/12 06:20:06 INFO  - jmeter.util.BSFTestElement: Registering JMeter version of JavaScript engine as work-round for BSF-22 
2017/04/12 06:20:07 INFO  - jorphan.exec.KeyToolUtils: keytool found at 'keytool' 
2017/04/12 06:20:07 INFO  - jmeter.protocol.http.proxy.ProxyControl: HTTP(S) Test Script Recorder SSL Proxy will use keys that support embedded 3rd party resources in file /Users/br0x/Dysk/Temp/apache-jmeter-3.0/bin/proxyserver.jks 
2017/04/12 06:20:07 INFO  - jmeter.services.FileServer: Set new base='/Users/br0x/Dysk/sansec/sts/ec2' 
2017/04/12 06:20:07 INFO  - jmeter.samplers.SampleResult: Note: Sample TimeStamps are START times 
2017/04/12 06:20:07 INFO  - jmeter.samplers.SampleResult: sampleresult.default.encoding is set to ISO-8859-1 
2017/04/12 06:20:07 INFO  - jmeter.samplers.SampleResult: sampleresult.useNanoTime=true 
2017/04/12 06:20:07 INFO  - jmeter.samplers.SampleResult: sampleresult.nanoThreadSleep=5000 
2017/04/12 06:20:08 INFO  - jmeter.gui.util.MenuFactory: Skipping org.apache.jmeter.protocol.mongodb.config.MongoSourceElement 
2017/04/12 06:20:08 INFO  - jmeter.gui.util.MenuFactory: Skipping org.apache.jmeter.protocol.mongodb.sampler.MongoScriptSampler 
2017/04/12 06:20:08 INFO  - jmeter.gui.util.MenuFactory: Skipping org.apache.jmeter.visualizers.DistributionGraphVisualizer 
2017/04/12 06:20:08 INFO  - jmeter.gui.util.MenuFactory: Skipping org.apache.jmeter.visualizers.SplineVisualizer 
2017/04/12 06:20:25 INFO  - jmeter.samplers.SampleEvent: List of sample_variables: [] 
